21:01:39 **** Incremental Build of configuration Debug for project trabajoPracticoN°2 ****
Info: Internal Builder is used for build
gcc -O0 -g3 -Wall -c -fmessage-length=0 -o ArrayEmployees.o "..\\ArrayEmployees.c" 
..\ArrayEmployees.c: In function 'upEmployee':
..\ArrayEmployees.c:247:14: warning: implicit declaration of function 'getFreeIndexEmployee' [-Wimplicit-function-declaration]
  int index = getFreeIndexEmployee(list,len);
              ^~~~~~~~~~~~~~~~~~~~
gcc -o trabajoPracticoN°2.exe ArrayEmployees.o Biblioteca.o Main.o 
c:/mingw/bin/../lib/gcc/mingw32/6.3.0/../../../../mingw32/bin/ld.exe: cannot open output file trabajoPracticoN°2.exe: Permission denied
collect2.exe: error: ld returned 1 exit status
21:04:55 **** Incremental Build of configuration Debug for project trabajoPracticoN°2 ****
Info: Internal Builder is used for build
gcc -O0 -g3 -Wall -c -fmessage-length=0 -o Main.o "..\\Main.c" 
..\Main.c: In function 'main':
..\Main.c:43:8: warning: implicit declaration of function 'upEmployee' [-Wimplicit-function-declaration]
    if (upEmployee(Empleado, TAM_EMPLEADOS,&idAutomatico))
        ^~~~~~~~~~
..\Main.c:45:5: warning: implicit declaration of function 'printEmployee' [-Wimplicit-function-declaration]
     printEmployee(Empleado,TAM_EMPLEADOS);
     ^~~~~~~~~~~~~
..\Main.c:19:6: warning: variable 'flagContrib' set but not used [-Wunused-but-set-variable]
  int flagContrib = 0;
      ^~~~~~~~~~~
gcc -O0 -g3 -Wall -c -fmessage-length=0 -o ArrayEmployees.o "..\\ArrayEmployees.c" 
..\ArrayEmployees.c: In function 'upEmployee':
..\ArrayEmployees.c:247:10: warning: implicit declaration of function 'getFreeIndexEmployee' [-Wimplicit-function-declaration]
  index = getFreeIndexEmployee(list,len);
          ^~~~~~~~~~~~~~~~~~~~
gcc -o trabajoPracticoN°2.exe ArrayEmployees.o Biblioteca.o Main.o 
Main.o: In function `main':
C:\Escritorio\UTN\Repositorios\entregaTps_Guillen\trabajoPracticoN°2\Debug/../Main.c:45: undefined reference to `printEmployee'
collect2.exe: error: ld returned 1 exit status
21:05:37 **** Incremental Build of configuration Debug for project trabajoPracticoN°2 ****
Info: Internal Builder is used for build
gcc -O0 -g3 -Wall -c -fmessage-length=0 -o ArrayEmployees.o "..\\ArrayEmployees.c" 
..\ArrayEmployees.c: In function 'upEmployee':
..\ArrayEmployees.c:247:14: warning: implicit declaration of function 'getFreeIndexEmployee' [-Wimplicit-function-declaration]
  int index = getFreeIndexEmployee(list,len);
              ^~~~~~~~~~~~~~~~~~~~
gcc -o trabajoPracticoN°2.exe ArrayEmployees.o Biblioteca.o Main.o 
Main.o: In function `main':
C:\Escritorio\UTN\Repositorios\entregaTps_Guillen\trabajoPracticoN°2\Debug/../Main.c:45: undefined reference to `printEmployee'
collect2.exe: error: ld returned 1 exit status
21:05:41 **** Incremental Build of configuration Debug for project trabajoPracticoN°2 ****
Info: Internal Builder is used for build
gcc -o trabajoPracticoN°2.exe ArrayEmployees.o Biblioteca.o Main.o 
Main.o: In function `main':
C:\Escritorio\UTN\Repositorios\entregaTps_Guillen\trabajoPracticoN°2\Debug/../Main.c:45: undefined reference to `printEmployee'
collect2.exe: error: ld returned 1 exit status
21:05:46 **** Incremental Build of configuration Debug for project trabajoPracticoN°2 ****
Info: Internal Builder is used for build
gcc -o trabajoPracticoN°2.exe ArrayEmployees.o Biblioteca.o Main.o 
Main.o: In function `main':
C:\Escritorio\UTN\Repositorios\entregaTps_Guillen\trabajoPracticoN°2\Debug/../Main.c:45: undefined reference to `printEmployee'
collect2.exe: error: ld returned 1 exit status
21:05:56 **** Incremental Build of configuration Debug for project trabajoPracticoN°2 ****
Info: Internal Builder is used for build
gcc -O0 -g3 -Wall -c -fmessage-length=0 -o Main.o "..\\Main.c" 
..\Main.c: In function 'main':
..\Main.c:43:8: warning: implicit declaration of function 'upEmployee' [-Wimplicit-function-declaration]
    if (upEmployee(Empleado, TAM_EMPLEADOS,&idAutomatico))
        ^~~~~~~~~~
..\Main.c:19:6: warning: variable 'flagContrib' set but not used [-Wunused-but-set-variable]
  int flagContrib = 0;
      ^~~~~~~~~~~
gcc -o trabajoPracticoN°2.exe ArrayEmployees.o Biblioteca.o Main.o 
21:06:46 **** Incremental Build of configuration Debug for project trabajoPracticoN°2 ****
Info: Internal Builder is used for build
gcc -O0 -g3 -Wall -c -fmessage-length=0 -o ArrayEmployees.o "..\\ArrayEmployees.c" 
..\ArrayEmployees.c: In function 'upEmployee':
..\ArrayEmployees.c:247:14: warning: implicit declaration of function 'getFreeIndexEmployee' [-Wimplicit-function-declaration]
  int index = getFreeIndexEmployee(list,len);
              ^~~~~~~~~~~~~~~~~~~~
gcc -O0 -g3 -Wall -c -fmessage-length=0 -o Main.o "..\\Main.c" 
..\Main.c: In function 'main':
..\Main.c:43:7: warning: implicit declaration of function 'upEmployee' [-Wimplicit-function-declaration]
    if(upEmployee(Empleado, TAM_EMPLEADOS,&idAutomatico))
       ^~~~~~~~~~
..\Main.c:19:6: warning: variable 'flagContrib' set but not used [-Wunused-but-set-variable]
  int flagContrib = 0;
      ^~~~~~~~~~~
gcc -o trabajoPracticoN°2.exe ArrayEmployees.o Biblioteca.o Main.o 
21:07:46 **** Incremental Build of configuration Debug for project trabajoPracticoN°2 ****
Info: Internal Builder is used for build
gcc -O0 -g3 -Wall -c -fmessage-length=0 -o Main.o "..\\Main.c" 
..\Main.c: In function 'main':
..\Main.c:43:7: warning: implicit declaration of function 'upEmployee' [-Wimplicit-function-declaration]
    if(upEmployee(Empleado,TAM_EMPLEADOS,&idAutomatico))
       ^~~~~~~~~~
..\Main.c:19:6: warning: variable 'flagContrib' set but not used [-Wunused-but-set-variable]
  int flagContrib = 0;
      ^~~~~~~~~~~
gcc -o trabajoPracticoN°2.exe ArrayEmployees.o Biblioteca.o Main.o 
Info: Nothing to build for trabajoPracticoN°2
21:08:42 **** Incremental Build of configuration Debug for project trabajoPracticoN°2 ****
Info: Internal Builder is used for build
gcc -O0 -g3 -Wall -c -fmessage-length=0 -o ArrayEmployees.o "..\\ArrayEmployees.c" 
..\ArrayEmployees.c: In function 'upEmployee':
..\ArrayEmployees.c:247:14: warning: implicit declaration of function 'getFreeIndexEmployee' [-Wimplicit-function-declaration]
  int index = getFreeIndexEmployee(list,len);
              ^~~~~~~~~~~~~~~~~~~~
gcc -o trabajoPracticoN°2.exe ArrayEmployees.o Biblioteca.o Main.o 
c:/mingw/bin/../lib/gcc/mingw32/6.3.0/../../../../mingw32/bin/ld.exe: cannot open output file trabajoPracticoN°2.exe: Permission denied
collect2.exe: error: ld returned 1 exit status
21:08:45 **** Incremental Build of configuration Debug for project trabajoPracticoN°2 ****
Info: Internal Builder is used for build
gcc -o trabajoPracticoN°2.exe ArrayEmployees.o Biblioteca.o Main.o 
Info: Nothing to build for trabajoPracticoN°2
